<?xml version="1.0" encoding="UTF-8"?>
<testsuite name="CalculatorTest" tests="4" skipped="0" failures="0" errors="0" timestamp="2019-12-03T12:42:21" hostname="recruit-ThinkCentre-M73" time="0.023">
  <properties/>
  <testcase name="addMany()" classname="CalculatorTest" time="0.014"/>
  <testcase name="add()" classname="CalculatorTest" time="0.001"/>
  <testcase name="multiplyMany()" classname="CalculatorTest" time="0.001"/>
  <testcase name="multiply()" classname="CalculatorTest" time="0.001"/>
  <system-out><![CDATA[]]></system-out>
  <system-err><![CDATA[]]></system-err>
</testsuite>
